<?xml version="1.0" encoding="UTF-8"?>
<!-- Generated by org.testng.reporters.JUnitReportReporter -->
<testsuite hostname="DESKTOP-G72A2OU" failures="0" tests="1" name="com.shoppersstack_ap_TestScripts.Verify_User_is_able_to_delete_address_or_not" time="13.006" errors="0" timestamp="2024-05-28T10:45:31 IST" skipped="0">
  <testcase classname="com.shoppersstack_ap_TestScripts.Verify_User_is_able_to_delete_address_or_not" name="addAddress" time="13.006"/>
</testsuite> <!-- com.shoppersstack_ap_TestScripts.Verify_User_is_able_to_delete_address_or_not -->
