<?xml version="1.0" encoding="UTF-8"?>
<!-- Generated by org.testng.reporters.JUnitReportReporter -->
<testsuite hostname="DESKTOP-G72A2OU" failures="0" tests="1" name="com.shoppersstack_ap_TestScripts.Verify_User_Is_Able_To_Addaddress_or_not_Test" time="11.520" errors="0" timestamp="2024-05-29T11:04:38 IST" skipped="0">
  <testcase classname="com.shoppersstack_ap_TestScripts.Verify_User_Is_Able_To_Addaddress_or_not_Test" name="addAddress" time="11.520"/>
</testsuite> <!-- com.shoppersstack_ap_TestScripts.Verify_User_Is_Able_To_Addaddress_or_not_Test -->
