<?xml version="1.0" encoding="UTF-8"?>
<!-- Generated by org.testng.reporters.JUnitReportReporter -->
<testsuite hostname="DESKTOP-G72A2OU" failures="0" tests="1" name="com.shoppersstack_ap_TestScripts.Verify_User_Is_Able_To_Addaddress_or_not" time="17.017" errors="0" timestamp="2024-05-28T10:45:31 IST" skipped="0">
  <testcase classname="com.shoppersstack_ap_TestScripts.Verify_User_Is_Able_To_Addaddress_or_not" name="addAddress" time="17.017"/>
</testsuite> <!-- com.shoppersstack_ap_TestScripts.Verify_User_Is_Able_To_Addaddress_or_not -->
